0 info it worked if it ends with ok
1 verbose cli [ '/Users/nemzilla/.nvm/versions/node/v6.9.2/bin/node',
1 verbose cli   '/Users/nemzilla/.nvm/versions/node/v6.9.2/bin/npm',
1 verbose cli   'run',
1 verbose cli   'precommit' ]
2 info using npm@3.10.9
3 info using node@v6.9.2
4 verbose run-script [ 'precommit' ]
5 info lifecycle psub@0.9.0~precommit: psub@0.9.0
6 verbose lifecycle psub@0.9.0~precommit: unsafe-perm in lifecycle true
7 verbose lifecycle psub@0.9.0~precommit: PATH: /Users/nemzilla/.nvm/versions/node/v6.9.2/lib/node_modules/npm/bin/node-gyp-bin:/Users/nemzilla/Dev/psub/node_modules/.bin:/Users/nemzilla/.nvm/versions/node/v6.9.2/bin:/Applications/Xcode.app/Contents/Developer/usr/libexec/git-core:~/Library/Android/sdk/tools:~/Library/Android/sdk/platform-tools:/Users/nemzilla/.nvm/versions/v0.12.7/bin:/Users/nemzilla/.nvm/versions/v0.12.7/bin:/usr/local/bin:/usr/bin:/bin:/usr/sbin:/sbin:/Users/nemzilla/Desktop/Scripts:/usr/local/Cellar/mongodb/3.0.6/bin://Users/nemzilla/Dev/ember-install:/Users/nemzilla/Code/go/bin:/usr/local/bin:/usr/local
8 verbose lifecycle psub@0.9.0~precommit: CWD: /Users/nemzilla/Dev/psub
9 silly lifecycle psub@0.9.0~precommit: Args: [ '-c', 'npm run validate' ]
10 silly lifecycle psub@0.9.0~precommit: Returned: code: 1  signal: null
11 info lifecycle psub@0.9.0~precommit: Failed to exec precommit script
12 verbose stack Error: psub@0.9.0 precommit: `npm run validate`
12 verbose stack Exit status 1
12 verbose stack     at EventEmitter.<anonymous> (/Users/nemzilla/.nvm/versions/node/v6.9.2/lib/node_modules/npm/lib/utils/lifecycle.js:255:16)
12 verbose stack     at emitTwo (events.js:106:13)
12 verbose stack     at EventEmitter.emit (events.js:191:7)
12 verbose stack     at ChildProcess.<anonymous> (/Users/nemzilla/.nvm/versions/node/v6.9.2/lib/node_modules/npm/lib/utils/spawn.js:40:14)
12 verbose stack     at emitTwo (events.js:106:13)
12 verbose stack     at ChildProcess.emit (events.js:191:7)
12 verbose stack     at maybeClose (internal/child_process.js:877:16)
12 verbose stack     at Process.ChildProcess._handle.onexit (internal/child_process.js:226:5)
13 verbose pkgid psub@0.9.0
14 verbose cwd /Users/nemzilla/Dev/psub
15 error Darwin 15.6.0
16 error argv "/Users/nemzilla/.nvm/versions/node/v6.9.2/bin/node" "/Users/nemzilla/.nvm/versions/node/v6.9.2/bin/npm" "run" "precommit"
17 error node v6.9.2
18 error npm  v3.10.9
19 error code ELIFECYCLE
20 error psub@0.9.0 precommit: `npm run validate`
20 error Exit status 1
21 error Failed at the psub@0.9.0 precommit script 'npm run validate'.
21 error Make sure you have the latest version of node.js and npm installed.
21 error If you do, this is most likely a problem with the psub package,
21 error not with npm itself.
21 error Tell the author that this fails on your system:
21 error     npm run validate
21 error You can get information on how to open an issue for this project with:
21 error     npm bugs psub
21 error Or if that isn't available, you can get their info via:
21 error     npm owner ls psub
21 error There is likely additional logging output above.
22 verbose exit [ 1, true ]
